<?xml version="1.0" encoding="UTF-8"?>
<!-- Generated by org.testng.reporters.JUnitReportReporter -->
<testsuite skipped="0" hostname="DESKTOP-2LONNQF" name="com.qa.TestClass.ContactsPageTest" tests="1" failures="0" timestamp="13 Aug 2020 05:30:24 GMT" time="158.688" errors="0">
  <testcase name="Click" time="158.688" classname="com.qa.TestClass.ContactsPageTest"/>
</testsuite> <!-- com.qa.TestClass.ContactsPageTest -->
