<?xml version="1.0" encoding="UTF-8"?>
<!-- Generated by org.testng.reporters.JUnitReportReporter -->
<testsuite skipped="1" hostname="DESKTOP-2LONNQF" name="com.qa.TestClass.TestClass" tests="2" failures="0" timestamp="13 Aug 2020 09:27:30 GMT" time="259.085" errors="0">
  <testcase name="LoginCheck" time="259.085" classname="com.qa.TestClass.TestClass"/>
  <testcase name="invalidDataLogin" classname="com.qa.TestClass.TestClass">
    <skipped/>
  </testcase> <!-- invalidDataLogin -->
</testsuite> <!-- com.qa.TestClass.TestClass -->
